Starting backup of guacamole database...
mysqldump: [Warning] Using a password on the command line interface can be insecure.
Backup successful: /srv/guacvdi/maint/backup/guacamole_backup_20241229_190001.sql
Cleaning up old backups...
Deleting old backup: guacamole_backup_20241224_125532.sql
Backup process completed.
Cleaning up old logs...
Housekeeping process completed.
Starting backup of guacamole database...
mysqldump: [Warning] Using a password on the command line interface can be insecure.
Backup successful: /srv/guacvdi/maint/backup/guacamole_backup_20250105_190001.sql
Cleaning up old backups...
Deleting old backup: guacamole_backup_20241224_130504.sql
Backup process completed.
Cleaning up old logs...
Housekeeping process completed.
Starting backup of guacamole database...
mysqldump: [Warning] Using a password on the command line interface can be insecure.
Backup successful: /srv/guacvdi/maint/backup/guacamole_backup_20250112_190001.sql
Cleaning up old backups...
Deleting old backup: guacamole_backup_20241229_190001.sql
Backup process completed.
Cleaning up old logs...
Housekeeping process completed.
Starting backup of guacamole database...
mysqldump: [Warning] Using a password on the command line interface can be insecure.
Backup successful: /srv/guacvdi/maint/backup/guacamole_backup_20250119_190001.sql
Cleaning up old backups...
Deleting old backup: guacamole_backup_20250105_190001.sql
Backup process completed.
Cleaning up old logs...
Housekeeping process completed.
Starting backup of guacamole database...
mysqldump: [Warning] Using a password on the command line interface can be insecure.
Backup successful: /srv/guacvdi/maint/backup/guacamole_backup_20250126_190001.sql
Cleaning up old backups...
Deleting old backup: guacamole_backup_20250112_190001.sql
Backup process completed.
Cleaning up old logs...
Housekeeping process completed.
Starting backup of guacamole database...
mysqldump: [Warning] Using a password on the command line interface can be insecure.
Backup successful: /srv/guacvdi/maint/backup/guacamole_backup_20250202_190001.sql
Cleaning up old backups...
Deleting old backup: guacamole_backup_20250119_190001.sql
Backup process completed.
Cleaning up old logs...
Housekeeping process completed.
Starting backup of guacamole database...
mysqldump: [Warning] Using a password on the command line interface can be insecure.
Backup successful: /srv/guacvdi/maint/backup/guacamole_backup_20250209_190001.sql
Cleaning up old backups...
Deleting old backup: guacamole_backup_20250126_190001.sql
Backup process completed.
Cleaning up old logs...
Housekeeping process completed.
Starting backup of guacamole database...
mysqldump: [Warning] Using a password on the command line interface can be insecure.
Backup successful: /srv/guacvdi/maint/backup/guacamole_backup_20250216_190001.sql
Cleaning up old backups...
Deleting old backup: guacamole_backup_20250202_190001.sql
Backup process completed.
Cleaning up old logs...
Housekeeping process completed.
Starting backup of guacamole database...
mysqldump: [Warning] Using a password on the command line interface can be insecure.
Backup successful: /srv/guacvdi/maint/backup/guacamole_backup_20250223_190001.sql
Cleaning up old backups...
Deleting old backup: guacamole_backup_20250209_190001.sql
Backup process completed.
Cleaning up old logs...
Housekeeping process completed.
Starting backup of guacamole database...
mysqldump: [Warning] Using a password on the command line interface can be insecure.
Backup successful: /srv/guacvdi/maint/backup/guacamole_backup_20250302_190001.sql
Cleaning up old backups...
Deleting old backup: guacamole_backup_20250216_190001.sql
Backup process completed.
Cleaning up old logs...
Housekeeping process completed.
Starting backup of guacamole database...
mysqldump: [Warning] Using a password on the command line interface can be insecure.
Backup successful: /srv/guacvdi/maint/backup/guacamole_backup_20250309_190001.sql
Cleaning up old backups...
Deleting old backup: guacamole_backup_20250223_190001.sql
Backup process completed.
Cleaning up old logs...
Housekeeping process completed.
Starting backup of guacamole database...
mysqldump: [Warning] Using a password on the command line interface can be insecure.
Backup successful: /srv/guacvdi/maint/backup/guacamole_backup_20250316_190001.sql
Cleaning up old backups...
Deleting old backup: guacamole_backup_20250302_190001.sql
Backup process completed.
Cleaning up old logs...
Housekeeping process completed.
Starting backup of guacamole database...
mysqldump: [Warning] Using a password on the command line interface can be insecure.
Backup successful: /srv/guacvdi/maint/backup/guacamole_backup_20250323_190001.sql
Cleaning up old backups...
Deleting old backup: guacamole_backup_20250309_190001.sql
Backup process completed.
Cleaning up old logs...
Housekeeping process completed.
Starting backup of guacamole database...
mysqldump: [Warning] Using a password on the command line interface can be insecure.
Backup successful: /srv/guacvdi/maint/backup/guacamole_backup_20250330_190001.sql
Cleaning up old backups...
Deleting old backup: guacamole_backup_20250316_190001.sql
Backup process completed.
Cleaning up old logs...
Housekeeping process completed.
Starting backup of guacamole database...
mysqldump: [Warning] Using a password on the command line interface can be insecure.
Backup successful: /srv/guacvdi/maint/backup/guacamole_backup_20250406_190001.sql
Cleaning up old backups...
Deleting old backup: guacamole_backup_20250323_190001.sql
Backup process completed.
Cleaning up old logs...
Housekeeping process completed.
Starting backup of guacamole database...
mysqldump: [Warning] Using a password on the command line interface can be insecure.
Backup successful: /srv/guacvdi/maint/backup/guacamole_backup_20250413_190001.sql
Cleaning up old backups...
Deleting old backup: guacamole_backup_20250330_190001.sql
Backup process completed.
Cleaning up old logs...
Housekeeping process completed.
Starting backup of guacamole database...
mysqldump: [Warning] Using a password on the command line interface can be insecure.
Backup successful: /srv/guacvdi/maint/backup/guacamole_backup_20250420_190001.sql
Cleaning up old backups...
Deleting old backup: guacamole_backup_20250406_190001.sql
Backup process completed.
Cleaning up old logs...
Housekeeping process completed.
Starting backup of guacamole database...
mysqldump: [Warning] Using a password on the command line interface can be insecure.
Backup successful: /srv/guacvdi/maint/backup/guacamole_backup_20250427_190001.sql
Cleaning up old backups...
Deleting old backup: guacamole_backup_20250413_190001.sql
Backup process completed.
Cleaning up old logs...
Housekeeping process completed.
Starting backup of guacamole database...
mysqldump: [Warning] Using a password on the command line interface can be insecure.
Backup successful: /srv/guacvdi/maint/backup/guacamole_backup_20250504_190001.sql
Cleaning up old backups...
Deleting old backup: guacamole_backup_20250420_190001.sql
Backup process completed.
Cleaning up old logs...
Housekeeping process completed.
Starting backup of guacamole database...
mysqldump: [Warning] Using a password on the command line interface can be insecure.
Backup successful: /srv/guacvdi/maint/backup/guacamole_backup_20250511_190001.sql
Cleaning up old backups...
Deleting old backup: guacamole_backup_20250427_190001.sql
Backup process completed.
Cleaning up old logs...
Housekeeping process completed.
Starting backup of guacamole database...
mysqldump: [Warning] Using a password on the command line interface can be insecure.
Backup successful: /srv/guacvdi/maint/backup/guacamole_backup_20250518_190001.sql
Cleaning up old backups...
Deleting old backup: guacamole_backup_20250504_190001.sql
Backup process completed.
Cleaning up old logs...
Housekeeping process completed.
Starting backup of guacamole database...
mysqldump: [Warning] Using a password on the command line interface can be insecure.
Backup successful: /srv/guacvdi/maint/backup/guacamole_backup_20250525_190001.sql
Cleaning up old backups...
Deleting old backup: guacamole_backup_20250511_190001.sql
Backup process completed.
Cleaning up old logs...
Housekeeping process completed.
Starting backup of guacamole database...
mysqldump: [Warning] Using a password on the command line interface can be insecure.
Backup successful: /srv/guacvdi/maint/backup/guacamole_backup_20250601_190001.sql
Cleaning up old backups...
Deleting old backup: guacamole_backup_20250518_190001.sql
Backup process completed.
Cleaning up old logs...
Housekeeping process completed.
Starting backup of guacamole database...
mysqldump: [Warning] Using a password on the command line interface can be insecure.
Backup successful: /srv/guacvdi/maint/backup/guacamole_backup_20250608_190001.sql
Cleaning up old backups...
Deleting old backup: guacamole_backup_20250525_190001.sql
Backup process completed.
Cleaning up old logs...
Housekeeping process completed.
Starting backup of guacamole database...
mysqldump: [Warning] Using a password on the command line interface can be insecure.
Backup successful: /srv/guacvdi/maint/backup/guacamole_backup_20250615_190001.sql
Cleaning up old backups...
Deleting old backup: guacamole_backup_20250601_190001.sql
Backup process completed.
Cleaning up old logs...
Housekeeping process completed.
Starting backup of guacamole database...
mysqldump: [Warning] Using a password on the command line interface can be insecure.
Backup successful: /srv/guacvdi/maint/backup/guacamole_backup_20250622_190001.sql
Cleaning up old backups...
Deleting old backup: guacamole_backup_20250608_190001.sql
Backup process completed.
Cleaning up old logs...
Housekeeping process completed.
Starting backup of guacamole database...
mysqldump: [Warning] Using a password on the command line interface can be insecure.
Backup successful: /srv/guacvdi/maint/backup/guacamole_backup_20250629_190001.sql
Cleaning up old backups...
Deleting old backup: guacamole_backup_20250615_190001.sql
Backup process completed.
Cleaning up old logs...
Housekeeping process completed.
